<?xml version="1.0" encoding="UTF-8"?>
<testng-results skipped="0" failed="0" ignored="0" total="1" passed="1">
  <reporter-output>
  </reporter-output>
  <suite name="Default suite" duration-ms="21279" started-at="2022-05-03T11:02:33Z" finished-at="2022-05-03T11:02:54Z">
    <groups>
    </groups>
    <test name="Default test" duration-ms="21279" started-at="2022-05-03T11:02:33Z" finished-at="2022-05-03T11:02:54Z">
      <class name="Automation.Selenium.TC1">
        <test-method status="PASS" signature="openBrowser()[pri:0, instance:Automation.Selenium.TC1@224edc67]" name="openBrowser" is-config="true" duration-ms="17374" started-at="2022-05-03T11:02:33Z" finished-at="2022-05-03T11:02:50Z">
          <reporter-output>
          </reporter-output>
        </test-method> <!-- openBrowser -->
        <test-method status="PASS" signature="test1()[pri:0, instance:Automation.Selenium.TC1@224edc67]" name="test1" duration-ms="2532" started-at="2022-05-03T11:02:50Z" finished-at="2022-05-03T11:02:53Z">
          <reporter-output>
          </reporter-output>
        </test-method> <!-- test1 -->
        <test-method status="PASS" signature="CloseBroser()[pri:0, instance:Automation.Selenium.TC1@224edc67]" name="CloseBroser" is-config="true" duration-ms="1276" started-at="2022-05-03T11:02:53Z" finished-at="2022-05-03T11:02:54Z">
          <reporter-output>
          </reporter-output>
        </test-method> <!-- CloseBroser -->
      </class> <!-- Automation.Selenium.TC1 -->
    </test> <!-- Default test -->
  </suite> <!-- Default suite -->
</testng-results>
