<?xml version="1.0" encoding="UTF-8"?>
<testng-results skipped="0" failed="0" total="1" passed="1">
  <reporter-output>
  </reporter-output>
  <suite name="Default suite" duration-ms="22279" started-at="2022-05-02T16:33:42Z" finished-at="2022-05-02T16:34:05Z">
    <groups>
    </groups>
    <test name="Default test" duration-ms="22279" started-at="2022-05-02T16:33:42Z" finished-at="2022-05-02T16:34:05Z">
      <class name="Automation.Selenium.TC1">
        <test-method status="PASS" signature="openBrowser()[pri:0, instance:Automation.Selenium.TC1@548b7f67]" name="openBrowser" is-config="true" duration-ms="18646" started-at="2022-05-02T22:03:42Z" finished-at="2022-05-02T22:04:01Z">
          <reporter-output>
          </reporter-output>
        </test-method> <!-- openBrowser -->
        <test-method status="PASS" signature="test1()[pri:0, instance:Automation.Selenium.TC1@548b7f67]" name="test1" duration-ms="2341" started-at="2022-05-02T22:04:01Z" finished-at="2022-05-02T22:04:03Z">
          <reporter-output>
          </reporter-output>
        </test-method> <!-- test1 -->
        <test-method status="PASS" signature="CloseBroser()[pri:0, instance:Automation.Selenium.TC1@548b7f67]" name="CloseBroser" is-config="true" duration-ms="1263" started-at="2022-05-02T22:04:03Z" finished-at="2022-05-02T22:04:05Z">
          <reporter-output>
          </reporter-output>
        </test-method> <!-- CloseBroser -->
      </class> <!-- Automation.Selenium.TC1 -->
    </test> <!-- Default test -->
  </suite> <!-- Default suite -->
</testng-results>
